time=2024-07-17T10:18:29.382+05:00 level=ERROR msg="CreateRecyclingCenter request error: rpc error: code = Unknown desc = sql: expected 7 destination arguments in Scan, not 6"
time=2024-07-17T10:19:59.095+05:00 level=ERROR msg="CreateRecyclingCenter request error: rpc error: code = Unknown desc = sql: Scan error on column index 3, name \"accepted_materials\": unsupported Scan, storing driver.Value type []uint8 into type *[]string"
time=2024-07-17T10:21:01.266+05:00 level=ERROR msg="CreateRecyclingCenter request error: rpc error: code = Unknown desc = sql: Scan error on column index 3, name \"accepted_materials\": unsupported Scan, storing driver.Value type []uint8 into type *[]string"
time=2024-07-17T11:00:49.867+05:00 level=ERROR msg="ProductDelivery request error: rpc error: code = Unknown desc = pq: INSERT has more target columns than expressions"
time=2024-07-17T11:05:20.702+05:00 level=ERROR msg="ProductDelivery request error: rpc error: code = Unknown desc = pq: insert or update on table \"item_service_recycling_submissions\" violates foreign key constraint \"item_service_recycling_submissions_center_id_fkey\""
time=2024-07-17T11:09:09.458+05:00 level=ERROR msg="Limit kiritilmadi yoki xato kiritildi: strconv.Atoi: parsing \"\": invalid syntax"
time=2024-07-17T11:09:09.458+05:00 level=ERROR msg="Offset kiritilmadi yoki xato kiritildi: strconv.Atoi: parsing \"\": invalid syntax"
time=2024-07-17T11:09:09.459+05:00 level=ERROR msg="SearchRecyclingCenter request error: rpc error: code = Unknown desc = pq: column \"item_service_recycling_centers.id\" must appear in the GROUP BY clause or be used in an aggregate function"
time=2024-07-17T11:13:46.985+05:00 level=ERROR msg="Limit kiritilmadi yoki xato kiritildi: strconv.Atoi: parsing \"\": invalid syntax"
time=2024-07-17T11:13:46.985+05:00 level=ERROR msg="Offset kiritilmadi yoki xato kiritildi: strconv.Atoi: parsing \"\": invalid syntax"
time=2024-07-17T11:13:46.990+05:00 level=ERROR msg="SearchRecyclingCenter request error: rpc error: code = Unknown desc = sql: Scan error on column index 0, name \"id\": destination not a pointer"
time=2024-07-17T11:16:42.834+05:00 level=ERROR msg="Limit kiritilmadi yoki xato kiritildi: strconv.Atoi: parsing \"\": invalid syntax"
time=2024-07-17T11:16:42.834+05:00 level=ERROR msg="Offset kiritilmadi yoki xato kiritildi: strconv.Atoi: parsing \"\": invalid syntax"
time=2024-07-17T11:16:42.838+05:00 level=ERROR msg="SearchRecyclingCenter request error: rpc error: code = Unknown desc = pq: column \"item_service_recycling_centers.id\" must appear in the GROUP BY clause or be used in an aggregate function"
time=2024-07-17T11:20:32.540+05:00 level=ERROR msg="Limit kiritilmadi yoki xato kiritildi: strconv.Atoi: parsing \"\": invalid syntax"
time=2024-07-17T11:20:32.540+05:00 level=ERROR msg="Offset kiritilmadi yoki xato kiritildi: strconv.Atoi: parsing \"\": invalid syntax"
time=2024-07-17T11:20:32.545+05:00 level=ERROR msg="SearchRecyclingCenter request error: rpc error: code = Unknown desc = sql: Scan error on column index 3, name \"accepted_materials\": unsupported Scan, storing driver.Value type []uint8 into type *[]string"
time=2024-07-17T11:22:50.531+05:00 level=ERROR msg="Limit kiritilmadi yoki xato kiritildi: strconv.Atoi: parsing \"\": invalid syntax"
time=2024-07-17T11:22:50.531+05:00 level=ERROR msg="Offset kiritilmadi yoki xato kiritildi: strconv.Atoi: parsing \"\": invalid syntax"
time=2024-07-17T11:23:20.166+05:00 level=ERROR msg="Limit kiritilmadi yoki xato kiritildi: strconv.Atoi: parsing \"\": invalid syntax"
time=2024-07-17T11:23:20.166+05:00 level=ERROR msg="Offset kiritilmadi yoki xato kiritildi: strconv.Atoi: parsing \"\": invalid syntax"
time=2024-07-17T11:26:29.400+05:00 level=ERROR msg="Offset kiritilmadi yoki xato kiritildi: strconv.Atoi: parsing \"\": invalid syntax"
time=2024-07-17T11:52:15.890+05:00 level=ERROR msg="GetStatistics request error: rpc error: code = Unknown desc = pq: operator does not exist: timestamp without time zone >= integer"
time=2024-07-17T11:58:06.983+05:00 level=ERROR msg="GetStatistics request error: rpc error: code = Unknown desc = pq: column \"string\" does not exist"
time=2024-07-17T11:59:24.180+05:00 level=ERROR msg="GetStatistics request error: rpc error: code = Unavailable desc = connection error: desc = \"error reading server preface: http2: frame too large\""
time=2024-07-17T12:00:59.725+05:00 level=ERROR msg="GetStatistics request error: rpc error: code = Unknown desc = pq: column \"2024-05-12\" does not exist"
time=2024-07-17T12:01:49.679+05:00 level=ERROR msg="GetStatistics request error: rpc error: code = Unavailable desc = connection error: desc = \"error reading server preface: http2: frame too large\""
time=2024-07-17T12:03:32.589+05:00 level=ERROR msg="GetStatistics request error: rpc error: code = Unavailable desc = connection error: desc = \"error reading server preface: http2: frame too large\""
time=2024-07-17T12:03:41.795+05:00 level=ERROR msg="GetStatistics request error: rpc error: code = Unavailable desc = connection error: desc = \"error reading server preface: http2: frame too large\""
time=2024-07-17T12:57:17.252+05:00 level=ERROR msg="CreateChallenge request error: rpc error: code = Unknown desc = pq: invalid input syntax for type timestamp: \"string\""
time=2024-07-17T12:58:46.684+05:00 level=ERROR msg="UpdateChallengeResult request error: rpc error: code = Unknown desc = pq: column \"updates_at\" of relation \"item_service_challenge_participations\" does not exist"
time=2024-07-17T13:00:26.130+05:00 level=ERROR msg="UpdateChallengeResult request error: rpc error: code = Unknown desc = sql: no rows in result set"
time=2024-07-17T14:21:22.308+05:00 level=ERROR msg="GetAllEcoTips request error: rpc error: code = Unknown desc = pq: column \"item_service_eco_tips.id\" must appear in the GROUP BY clause or be used in an aggregate function"
time=2024-07-17T14:23:02.040+05:00 level=ERROR msg="GetAllEcoTips request error: rpc error: code = Unknown desc = pq: column \"item_service_eco_tips.id\" must appear in the GROUP BY clause or be used in an aggregate function"
time=2024-07-17T14:28:26.499+05:00 level=ERROR msg="CreateItem request error: rpc error: code = Unknown desc = sql: converting argument $5 type: unsupported type []string, a slice of string"
time=2024-07-17T14:31:42.540+05:00 level=ERROR msg="CreateItem request error: rpc error: code = Unknown desc = pq: column \"swap_prefernce\" of relation \"item_service_items\" does not exist"
time=2024-07-17T14:32:53.105+05:00 level=ERROR msg="CreateItem request error: rpc error: code = Unknown desc = pq: invalid input syntax for type uuid: \"phone\""
time=2024-07-17T14:33:58.534+05:00 level=ERROR msg="CreateItem request error: rpc error: code = Unknown desc = pq: null value in column \"status\" of relation \"item_service_items\" violates not-null constraint"
time=2024-07-17T14:41:08.984+05:00 level=ERROR msg="CreateItem request error: rpc error: code = Unknown desc = pq: INSERT has more target columns than expressions"
time=2024-07-17T14:42:22.819+05:00 level=ERROR msg="CreateItem request error: rpc error: code = Unknown desc = sql: expected 8 destination arguments in Scan, not 9"
time=2024-07-17T14:46:53.795+05:00 level=ERROR msg="GetItem request error: rpc error: code = Unknown desc = pq: column \"catrgory_id\" does not exist"
time=2024-07-17T14:50:26.433+05:00 level=ERROR msg="GetItem request error: rpc error: code = Unknown desc = pq: column \"catrgory_id\" does not exist"
time=2024-07-17T14:53:25.156+05:00 level=ERROR msg="GetItem request error: rpc error: code = Unknown desc = pq: column \"condetion\" does not exist"
time=2024-07-17T14:53:57.561+05:00 level=ERROR msg="GetItem request error: rpc error: code = Unknown desc = pq: column \"swap_prefernce\" does not exist"
time=2024-07-17T14:54:40.827+05:00 level=ERROR msg="Limit kiritilmadi yoki xato kiritildi: strconv.Atoi: parsing \"\": invalid syntax"
time=2024-07-17T14:54:40.827+05:00 level=ERROR msg="Offset kiritilmadi yoki xato kiritildi: strconv.Atoi: parsing \"\": invalid syntax"
time=2024-07-17T14:54:40.827+05:00 level=ERROR msg="GetAllItems request error: rpc error: code = Unknown desc = pq: column \"item_service_items.id\" must appear in the GROUP BY clause or be used in an aggregate function"
time=2024-07-17T14:58:31.085+05:00 level=ERROR msg="Limit kiritilmadi yoki xato kiritildi: strconv.Atoi: parsing \"\": invalid syntax"
time=2024-07-17T14:58:31.085+05:00 level=ERROR msg="Offset kiritilmadi yoki xato kiritildi: strconv.Atoi: parsing \"\": invalid syntax"
time=2024-07-17T14:58:37.256+05:00 level=ERROR msg="Limit kiritilmadi yoki xato kiritildi: strconv.Atoi: parsing \"\": invalid syntax"
time=2024-07-17T14:58:37.256+05:00 level=ERROR msg="Offset kiritilmadi yoki xato kiritildi: strconv.Atoi: parsing \"\": invalid syntax"
time=2024-07-17T14:58:44.171+05:00 level=ERROR msg="Limit kiritilmadi yoki xato kiritildi: strconv.Atoi: parsing \"\": invalid syntax"
time=2024-07-17T14:58:44.171+05:00 level=ERROR msg="Offset kiritilmadi yoki xato kiritildi: strconv.Atoi: parsing \"\": invalid syntax"
time=2024-07-17T14:58:53.949+05:00 level=ERROR msg="Limit kiritilmadi yoki xato kiritildi: strconv.Atoi: parsing \"\": invalid syntax"
time=2024-07-17T14:58:53.949+05:00 level=ERROR msg="Offset kiritilmadi yoki xato kiritildi: strconv.Atoi: parsing \"\": invalid syntax"
time=2024-07-17T15:00:04.280+05:00 level=ERROR msg="Limit kiritilmadi yoki xato kiritildi: strconv.Atoi: parsing \"\": invalid syntax"
time=2024-07-17T15:00:04.284+05:00 level=ERROR msg="Offset kiritilmadi yoki xato kiritildi: strconv.Atoi: parsing \"\": invalid syntax"
time=2024-07-17T15:00:25.169+05:00 level=ERROR msg="Limit kiritilmadi yoki xato kiritildi: strconv.Atoi: parsing \"\": invalid syntax"
time=2024-07-17T15:00:25.170+05:00 level=ERROR msg="Offset kiritilmadi yoki xato kiritildi: strconv.Atoi: parsing \"\": invalid syntax"
time=2024-07-17T15:01:01.306+05:00 level=ERROR msg="Limit kiritilmadi yoki xato kiritildi: strconv.Atoi: parsing \"\": invalid syntax"
time=2024-07-17T15:01:01.306+05:00 level=ERROR msg="Offset kiritilmadi yoki xato kiritildi: strconv.Atoi: parsing \"\": invalid syntax"
time=2024-07-17T15:01:08.287+05:00 level=ERROR msg="Limit kiritilmadi yoki xato kiritildi: strconv.Atoi: parsing \"\": invalid syntax"
time=2024-07-17T15:01:08.287+05:00 level=ERROR msg="Offset kiritilmadi yoki xato kiritildi: strconv.Atoi: parsing \"\": invalid syntax"
time=2024-07-17T15:09:07.500+05:00 level=ERROR msg="SearchItems request error: rpc error: code = Unknown desc = pq: syntax error at or near \":\""
time=2024-07-17T15:10:05.054+05:00 level=ERROR msg="SearchItems request error: rpc error: code = Unknown desc = pq: syntax error at or near \":\""
time=2024-07-17T15:14:44.776+05:00 level=ERROR msg="SearchItems request error: rpc error: code = Unknown desc = pq: syntax error at or near \":\""
time=2024-07-17T15:18:16.038+05:00 level=ERROR msg="SearchItems request error: rpc error: code = Unknown desc = pq: syntax error at or near \":\""
time=2024-07-17T15:18:37.700+05:00 level=ERROR msg="SearchItems request error: rpc error: code = Unknown desc = pq: syntax error at or near \":\""
time=2024-07-17T15:19:43.500+05:00 level=ERROR msg="SearchItems request error: rpc error: code = Unknown desc = pq: syntax error at or near \":\""
time=2024-07-17T15:25:09.965+05:00 level=ERROR msg="SearchItems request error: rpc error: code = Unknown desc = pq: syntax error at or near \":\""
time=2024-07-17T15:26:43.806+05:00 level=ERROR msg="UpdateItem request error: rpc error: code = Unknown desc = pq: column \"swap_prefernce\" does not exist"
time=2024-07-17T15:28:44.049+05:00 level=ERROR msg="UpdateItem request error: rpc error: code = Unknown desc = pq: got 4 parameters but the statement requires 5"
time=2024-07-17T15:34:35.740+05:00 level=ERROR msg="CreateEcoPointsByUser request error: rpc error: code = Unavailable desc = connection error: desc = \"error reading server preface: http2: frame too large\""
time=2024-07-17T15:40:17.296+05:00 level=ERROR msg="CreateEcoPointsByUser request error: rpc error: code = Unavailable desc = connection error: desc = \"error reading server preface: http2: frame too large\""
time=2024-07-17T15:41:46.270+05:00 level=ERROR msg="CreateEcoPointsByUser request error: rpc error: code = Unavailable desc = connection error: desc = \"error reading server preface: http2: frame too large\""
time=2024-07-17T15:43:41.794+05:00 level=ERROR msg="CreateEcoPointsByUser request error: rpc error: code = Unavailable desc = connection error: desc = \"error reading server preface: http2: frame too large\""
time=2024-07-17T15:44:20.285+05:00 level=ERROR msg="CreateEcoPointsByUser request error: rpc error: code = Unavailable desc = connection error: desc = \"error reading server preface: http2: frame too large\""
time=2024-07-17T15:45:09.305+05:00 level=ERROR msg="CreateEcoPointsByUser request error: rpc error: code = Unavailable desc = connection error: desc = \"error reading server preface: http2: frame too large\""
time=2024-07-17T15:45:14.315+05:00 level=ERROR msg="CreateEcoPointsByUser request error: rpc error: code = Unavailable desc = connection error: desc = \"error reading server preface: http2: frame too large\""
time=2024-07-17T15:49:09.802+05:00 level=ERROR msg="CreateEcoPointsByUser request error: rpc error: code = Unavailable desc = connection error: desc = \"error reading server preface: http2: frame too large\""
time=2024-07-17T15:51:35.853+05:00 level=ERROR msg="DeleteProfile request error: rpc error: code = Unavailable desc = connection error: desc = \"error reading server preface: http2: frame too large\""
time=2024-07-17T15:57:28.891+05:00 level=ERROR msg="DeleteProfile request error: rpc error: code = Unavailable desc = connection error: desc = \"error reading server preface: http2: frame too large\""
time=2024-07-17T15:57:55.061+05:00 level=ERROR msg="DeleteProfile request error: rpc error: code = Unavailable desc = connection error: desc = \"error reading server preface: http2: frame too large\""
time=2024-07-17T15:59:39.255+05:00 level=ERROR msg="SendSwapRequest request error: rpc error: code = Unknown desc = pq: null value in column \"status\" of relation \"item_service_swaps\" violates not-null constraint"
time=2024-07-17T16:01:34.286+05:00 level=ERROR msg="SendSwapRequest request error: rpc error: code = Unknown desc = pq: insert or update on table \"item_service_swaps\" violates foreign key constraint \"item_service_swaps_requested_item_id_fkey\""
time=2024-07-17T16:01:53.902+05:00 level=ERROR msg="SendSwapRequest request error: rpc error: code = Unknown desc = pq: insert or update on table \"item_service_swaps\" violates foreign key constraint \"item_service_swaps_requested_item_id_fkey\""
time=2024-07-17T16:13:09.763+05:00 level=ERROR msg="RejectionSwapRequest request error: rpc error: code = Unknown desc = pq: column \"item_service_swaps.id\" must appear in the GROUP BY clause or be used in an aggregate function"
time=2024-07-17T16:18:39.688+05:00 level=ERROR msg="AdoptionSwapRequest request error: rpc error: code = Unknown desc = pq: column \"accepted\" does not exist"
time=2024-07-17T16:20:43.479+05:00 level=ERROR msg="RejectionSwapRequest request error: rpc error: code = Unknown desc = pq: invalid input syntax for type uuid: \"039c85d1-737b-49f1-af5b-b6bb567a939\""
time=2024-07-17T16:32:29.935+05:00 level=ERROR msg="GetUserActivity request error: rpc error: code = Unknown desc = pq: syntax error at or near \"AND\""
time=2024-07-17T16:35:58.756+05:00 level=ERROR msg="GetUserActivity request error: rpc error: code = Unknown desc = pq: syntax error at or near \"AND\""
time=2024-07-17T16:36:51.608+05:00 level=ERROR msg="GetUserActivity request error: rpc error: code = Unknown desc = pq: syntax error at or near \"AND\""
time=2024-07-17T16:37:58.634+05:00 level=ERROR msg="GetUserActivity request error: rpc error: code = Unknown desc = pq: function to_timestamp() does not exist"
time=2024-07-17T16:38:44.461+05:00 level=ERROR msg="GetUserActivity request error: rpc error: code = Unknown desc = pq: function to_timestamp() does not exist"
time=2024-07-17T16:38:54.542+05:00 level=ERROR msg="GetUserActivity request error: rpc error: code = Unknown desc = pq: function to_timestamp() does not exist"
time=2024-07-17T16:39:12.715+05:00 level=ERROR msg="GetUserActivity request error: rpc error: code = Unknown desc = pq: syntax error at or near \"AND\""
time=2024-07-17T16:40:14.182+05:00 level=ERROR msg="GetUserActivity request error: rpc error: code = Unknown desc = pq: syntax error at or near \"AND\""
time=2024-07-17T16:41:05.629+05:00 level=ERROR msg="GetUserActivity request error: rpc error: code = Unknown desc = pq: syntax error at or near \"AND\""
time=2024-07-17T16:42:24.099+05:00 level=ERROR msg="GetUserActivity request error: rpc error: code = Unknown desc = pq: operator does not exist: timestamp without time zone >= integer"
time=2024-07-17T16:43:07.124+05:00 level=ERROR msg="GetUserActivity request error: rpc error: code = Unknown desc = pq: invalid input syntax for type uuid: \"\""
time=2024-07-17T16:44:56.272+05:00 level=ERROR msg="GetUserActivity request error: rpc error: code = Unknown desc = pq: invalid input syntax for type uuid: \"\""
time=2024-07-17T16:46:08.110+05:00 level=ERROR msg="GetUserActivity request error: rpc error: code = Unknown desc = pq: invalid input syntax for type uuid: \"\""
time=2024-07-17T16:47:35.303+05:00 level=ERROR msg="GetUserActivity request error: rpc error: code = Unknown desc = pq: invalid input syntax for type uuid: \"\""
time=2024-07-17T16:48:30.578+05:00 level=ERROR msg="GetUserActivity request error: rpc error: code = Unavailable desc = connection error: desc = \"error reading server preface: http2: frame too large\""
time=2024-07-17T16:50:10.066+05:00 level=ERROR msg="GetUserRating request error: rpc error: code = Unknown desc = pq: column \"item_service_ratings.id\" must appear in the GROUP BY clause or be used in an aggregate function"
time=2024-07-17T16:53:43.171+05:00 level=ERROR msg="GetUserActivity request error: rpc error: code = Unavailable desc = connection error: desc = \"error reading server preface: http2: frame too large\""
time=2024-07-17T16:56:08.187+05:00 level=ERROR msg="GetProfile request error: rpc error: code = Unavailable desc = connection error: desc = \"error reading server preface: http2: frame too large\""
time=2024-07-17T17:01:49.052+05:00 level=ERROR msg="GetProfile request error: rpc error: code = Unavailable desc = connection error: desc = \"transport: Error while dialing: dial tcp 127.0.0.1:8888: connect: connection refused\""
time=2024-07-17T17:15:53.011+05:00 level=ERROR msg="GetProfile request error: rpc error: code = Unavailable desc = connection error: desc = \"error reading server preface: http2: frame too large\""
time=2024-07-17T17:16:39.794+05:00 level=ERROR msg="GetProfile request error: rpc error: code = Unavailable desc = connection error: desc = \"error reading server preface: http2: frame too large\""
time=2024-07-17T17:19:57.111+05:00 level=ERROR msg="Limit kiritilmadi yoki xato kiritildi: strconv.Atoi: parsing \"\": invalid syntax"
time=2024-07-17T17:19:57.111+05:00 level=ERROR msg="Offset kiritilmadi yoki xato kiritildi: strconv.Atoi: parsing \"\": invalid syntax"
time=2024-07-17T17:19:57.113+05:00 level=ERROR msg="GetAllUsers request error: rpc error: code = Unknown desc = pq: column \"auth_service_users.id\" must appear in the GROUP BY clause or be used in an aggregate function"
time=2024-07-17T17:22:29.438+05:00 level=ERROR msg="Limit kiritilmadi yoki xato kiritildi: strconv.Atoi: parsing \"\": invalid syntax"
time=2024-07-17T17:22:29.438+05:00 level=ERROR msg="Offset kiritilmadi yoki xato kiritildi: strconv.Atoi: parsing \"\": invalid syntax"
time=2024-07-17T17:22:40.858+05:00 level=ERROR msg="Offset kiritilmadi yoki xato kiritildi: strconv.Atoi: parsing \"\": invalid syntax"
time=2024-07-17T18:51:55.492+05:00 level=ERROR msg="HistoryEcoPointsByUser query error: rpc error: code = Unavailable desc = error reading from server: EOF"
time=2024-07-17T18:55:17.059+05:00 level=ERROR msg="HistoryEcoPointsByUser query error: rpc error: code = Unavailable desc = error reading from server: EOF"
time=2024-07-17T18:57:29.588+05:00 level=ERROR msg="GetStatistics request error: rpc error: code = Unavailable desc = connection error: desc = \"transport: Error while dialing: dial tcp 127.0.0.1:8888: connect: connection refused\""
time=2024-07-17T19:07:25.199+05:00 level=ERROR msg="HistoryEcoPointsByUser query error: rpc error: code = Unavailable desc = error reading from server: EOF"
time=2024-07-17T19:19:27.612+05:00 level=ERROR msg="HistoryEcoPointsByUser query error: rpc error: code = Unknown desc = limit must be greater than 0"
time=2024-07-17T20:20:31.650+05:00 level=ERROR msg="GetStatistics request error: rpc error: code = Unknown desc = pq: column \"asda\" does not exist"
